<?xml version="1.0" encoding="UTF-8"?>
<!-- Generated by org.testng.reporters.JUnitXMLReporter -->
<testsuite hostname="AMIL5CG5370PMT" ignored="0" name="Default test" tests="4" failures="0" timestamp="22 Jan 2019 09:15:08 GMT" time="37.343" errors="0">
  <testcase name="InitializeDriver" time="16.873" classname="Testing_Sms.TestNG_Way2sms"/>
  <testcase name="Login" time="2.83" classname="Testing_Sms.TestNG_Way2sms"/>
  <testcase name="ConfigureMessage" time="9.918" classname="Testing_Sms.TestNG_Way2sms"/>
  <testcase name="logout" time="3.895" classname="Testing_Sms.TestNG_Way2sms"/>
</testsuite> <!-- Default test -->
