<?xml version="1.0" encoding="UTF-8"?>
<!-- Generated by org.testng.reporters.JUnitXMLReporter -->
<testsuite hostname="AMIL5CG5370PMT" ignored="0" name="Practice Grouping" tests="5" failures="0" timestamp="09 Jan 2019 13:50:07 GMT" time="0.261" errors="0">
  <testcase name="Bike1" time="0.058" classname="Testing_Sms.Grouping"/>
  <testcase name="Bike2" time="0.005" classname="Testing_Sms.Grouping"/>
  <testcase name="Scooty1" time="0.005" classname="Testing_Sms.Grouping"/>
  <testcase name="Scooty2" time="0.01" classname="Testing_Sms.Grouping"/>
  <testcase name="type" time="0.003" classname="Testing_Sms.Grouping"/>
</testsuite> <!-- Practice Grouping -->
