<?xml version="1.0" encoding="UTF-8"?>
<testng-results skipped="0" failed="0" ignored="0" total="1" passed="1">
  <reporter-output>
    <line>
      <![CDATA[About to begin executing SuiteSuite-Listeners]]>
    </line>
    <line>
      <![CDATA[About to begin executing following method : Listeners.beforeMethod]]>
    </line>
    <line>
      <![CDATA[Completed executing following method : Listeners.beforeMethod]]>
    </line>
    <line>
      <![CDATA[About to begin executing following method : Listeners.main]]>
    </line>
    <line>
      <![CDATA[Completed executing following method : Listeners.main]]>
    </line>
    <line>
      <![CDATA[About to begin executing following method : Listeners.afterMethod]]>
    </line>
    <line>
      <![CDATA[Completed executing following method : Listeners.afterMethod]]>
    </line>
  </reporter-output>
  <suite name="Suite-Listeners" duration-ms="70" started-at="2019-01-23T07:03:08Z" finished-at="2019-01-23T07:03:09Z">
    <groups>
    </groups>
    <test name="Batch-Listeners" duration-ms="70" started-at="2019-01-23T07:03:08Z" finished-at="2019-01-23T07:03:09Z">
      <class name="Testing_Sms.Listeners">
        <test-method status="PASS" signature="beforeMethod()[pri:0, instance:Testing_Sms.Listeners@37374a5e]" name="beforeMethod" is-config="true" duration-ms="10" started-at="2019-01-23T07:03:09Z" finished-at="2019-01-23T07:03:09Z">
          <reporter-output>
            <line>
              <![CDATA[Completed executing following method : Listeners.beforeMethod]]>
            </line>
          </reporter-output>
        </test-method> <!-- beforeMethod -->
        <test-method status="PASS" signature="main()[pri:0, instance:Testing_Sms.Listeners@37374a5e]" name="main" duration-ms="10" started-at="2019-01-23T07:03:09Z" finished-at="2019-01-23T07:03:09Z">
          <reporter-output>
            <line>
              <![CDATA[About to begin executing following method : Listeners.main]]>
            </line>
            <line>
              <![CDATA[Completed executing following method : Listeners.main]]>
            </line>
            <line>
              <![CDATA[About to begin executing following method : Listeners.afterMethod]]>
            </line>
          </reporter-output>
        </test-method> <!-- main -->
        <test-method status="PASS" signature="afterMethod()[pri:0, instance:Testing_Sms.Listeners@37374a5e]" name="afterMethod" is-config="true" duration-ms="0" started-at="2019-01-23T07:03:09Z" finished-at="2019-01-23T07:03:09Z">
          <reporter-output>
            <line>
              <![CDATA[Completed executing following method : Listeners.afterMethod]]>
            </line>
          </reporter-output>
        </test-method> <!-- afterMethod -->
      </class> <!-- Testing_Sms.Listeners -->
    </test> <!-- Batch-Listeners -->
  </suite> <!-- Suite-Listeners -->
</testng-results>
